# JRE version: Java(TM) SE Runtime Environment (7.0_51-b13) (build 1.7.0_51-b13)
# Java VM: Java HotSpot(TM) 64-Bit Server VM (24.51-b03 mixed mode windows-amd64 compressed oops)
Heap
 PSYoungGen      total 61440K, used 22408K [0x00000000eaa80000, 0x00000000f0280000, 0x0000000100000000)
  eden space 58368K, 33% used [0x00000000eaa80000,0x00000000ebdc21d8,0x00000000ee380000)
  from space 3072K, 87% used [0x00000000ee500000,0x00000000ee7a0000,0x00000000ee800000)
  to   space 15872K, 0% used [0x00000000ef300000,0x00000000ef300000,0x00000000f0280000)
 ParOldGen       total 116736K, used 56342K [0x00000000c0000000, 0x00000000c7200000, 0x00000000eaa80000)
  object space 116736K, 48% used [0x00000000c0000000,0x00000000c3705a78,0x00000000c7200000)
 PSPermGen       total 63488K, used 62779K [0x00000000b0000000, 0x00000000b3e00000, 0x00000000c0000000)
  object space 63488K, 98% used [0x00000000b0000000,0x00000000b3d4ee30,0x00000000b3e00000)
GC Heap History (10 events):
Event: 43881.391 GC heap before
{Heap before GC invocations=180 (full 36):
 PSYoungGen      total 72704K, used 72561K [0x00000000eaa80000, 0x00000000f0980000, 0x0000000100000000)
  eden space 63488K, 100% used [0x00000000eaa80000,0x00000000ee880000,0x00000000ee880000)
  from space 9216K, 98% used [0x00000000eea80000,0x00000000ef35c760,0x00000000ef380000)
  to   space 16896K, 0% used [0x00000000ef900000,0x00000000ef900000,0x00000000f0980000)
 ParOldGen       total 116736K, used 63360K [0x00000000c0000000, 0x00000000c7200000, 0x00000000eaa80000)
  object space 116736K, 54% used [0x00000000c0000000,0x00000000c3de0128,0x00000000c7200000)
 PSPermGen       total 63488K, used 62760K [0x00000000b0000000, 0x00000000b3e00000, 0x00000000c0000000)
  object space 63488K, 98% used [0x00000000b0000000,0x00000000b3d4a220,0x00000000b3e00000)
Event: 43881.412 GC heap after
Heap after GC invocations=180 (full 36):
 PSYoungGen      total 78336K, used 10166K [0x00000000eaa80000, 0x00000000f0980000, 0x0000000100000000)
  eden space 61440K, 0% used [0x00000000eaa80000,0x00000000eaa80000,0x00000000ee680000)
  from space 16896K, 60% used [0x00000000ef900000,0x00000000f02ed980,0x00000000f0980000)
  to   space 17920K, 0% used [0x00000000ee680000,0x00000000ee680000,0x00000000ef800000)
 ParOldGen       total 116736K, used 69064K [0x00000000c0000000, 0x00000000c7200000, 0x00000000eaa80000)
  object space 116736K, 59% used [0x00000000c0000000,0x00000000c43723c8,0x00000000c7200000)
 PSPermGen       total 63488K, used 62760K [0x00000000b0000000, 0x00000000b3e00000, 0x00000000c0000000)
  object space 63488K, 98% used [0x00000000b0000000,0x00000000b3d4a220,0x00000000b3e00000)
}
Event: 43899.230 GC heap before
{Heap before GC invocations=181 (full 36):
 PSYoungGen      total 78336K, used 59334K [0x00000000eaa80000, 0x00000000f0980000, 0x0000000100000000)
  eden space 61440K, 80% used [0x00000000eaa80000,0x00000000eda840a0,0x00000000ee680000)
  from space 16896K, 60% used [0x00000000ef900000,0x00000000f02ed980,0x00000000f0980000)
  to   space 17920K, 0% used [0x00000000ee680000,0x00000000ee680000,0x00000000ef800000)
 ParOldGen       total 116736K, used 69064K [0x00000000c0000000, 0x00000000c7200000, 0x00000000eaa80000)
  object space 116736K, 59% used [0x00000000c0000000,0x00000000c43723c8,0x00000000c7200000)
 PSPermGen       total 63488K, used 62761K [0x00000000b0000000, 0x00000000b3e00000, 0x00000000c0000000)
  object space 63488K, 98% used [0x00000000b0000000,0x00000000b3d4a7a0,0x00000000b3e00000)
Event: 43899.247 GC heap after
Heap after GC invocations=181 (full 36):
 PSYoungGen      total 62464K, used 576K [0x00000000eaa80000, 0x00000000f0880000, 0x0000000100000000)
  eden space 61440K, 0% used [0x00000000eaa80000,0x00000000eaa80000,0x00000000ee680000)
  from space 1024K, 56% used [0x00000000ee680000,0x00000000ee710000,0x00000000ee780000)
  to   space 17408K, 0% used [0x00000000ef780000,0x00000000ef780000,0x00000000f0880000)
 ParOldGen       total 116736K, used 78941K [0x00000000c0000000, 0x00000000c7200000, 0x00000000eaa80000)
  object space 116736K, 67% used [0x00000000c0000000,0x00000000c4d17448,0x00000000c7200000)
 PSPermGen       total 63488K, used 62761K [0x00000000b0000000, 0x00000000b3e00000, 0x00000000c0000000)
  object space 63488K, 98% used [0x00000000b0000000,0x00000000b3d4a7a0,0x00000000b3e00000)
}
Event: 43899.247 GC heap before
{Heap before GC invocations=182 (full 37):
 PSYoungGen      total 62464K, used 576K [0x00000000eaa80000, 0x00000000f0880000, 0x0000000100000000)
  eden space 61440K, 0% used [0x00000000eaa80000,0x00000000eaa80000,0x00000000ee680000)
  from space 1024K, 56% used [0x00000000ee680000,0x00000000ee710000,0x00000000ee780000)
  to   space 17408K, 0% used [0x00000000ef780000,0x00000000ef780000,0x00000000f0880000)
 ParOldGen       total 116736K, used 78941K [0x00000000c0000000, 0x00000000c7200000, 0x00000000eaa80000)
  object space 116736K, 67% used [0x00000000c0000000,0x00000000c4d17448,0x00000000c7200000)
 PSPermGen       total 63488K, used 62761K [0x00000000b0000000, 0x00000000b3e00000, 0x00000000c0000000)
  object space 63488K, 98% used [0x00000000b0000000,0x00000000b3d4a7a0,0x00000000b3e00000)
Event: 43899.534 GC heap after
Heap after GC invocations=182 (full 37):
 PSYoungGen      total 62464K, used 0K [0x00000000eaa80000, 0x00000000f0880000, 0x0000000100000000)
  eden space 61440K, 0% used [0x00000000eaa80000,0x00000000eaa80000,0x00000000ee680000)
  from space 1024K, 0% used [0x00000000ee680000,0x00000000ee680000,0x00000000ee780000)
  to   space 17408K, 0% used [0x00000000ef780000,0x00000000ef780000,0x00000000f0880000)
 ParOldGen       total 116736K, used 54545K [0x00000000c0000000, 0x00000000c7200000, 0x00000000eaa80000)
  object space 116736K, 46% used [0x00000000c0000000,0x00000000c35446f8,0x00000000c7200000)
 PSPermGen       total 63488K, used 62691K [0x00000000b0000000, 0x00000000b3e00000, 0x00000000c0000000)
  object space 63488K, 98% used [0x00000000b0000000,0x00000000b3d38ed0,0x00000000b3e00000)
}
Event: 44423.437 GC heap before
{Heap before GC invocations=183 (full 37):
 PSYoungGen      total 62464K, used 61440K [0x00000000eaa80000, 0x00000000f0880000, 0x0000000100000000)
  eden space 61440K, 100% used [0x00000000eaa80000,0x00000000ee680000,0x00000000ee680000)
  from space 1024K, 0% used [0x00000000ee680000,0x00000000ee680000,0x00000000ee780000)
  to   space 17408K, 0% used [0x00000000ef780000,0x00000000ef780000,0x00000000f0880000)
 ParOldGen       total 116736K, used 54545K [0x00000000c0000000, 0x00000000c7200000, 0x00000000eaa80000)
  object space 116736K, 46% used [0x00000000c0000000,0x00000000c35446f8,0x00000000c7200000)
 PSPermGen       total 63488K, used 62778K [0x00000000b0000000, 0x00000000b3e00000, 0x00000000c0000000)
  object space 63488K, 98% used [0x00000000b0000000,0x00000000b3d4e868,0x00000000b3e00000)
Event: 44423.443 GC heap after
Heap after GC invocations=183 (full 37):
 PSYoungGen      total 73728K, used 2796K [0x00000000eaa80000, 0x00000000f0500000, 0x0000000100000000)
  eden space 59904K, 0% used [0x00000000eaa80000,0x00000000eaa80000,0x00000000ee500000)
  from space 13824K, 20% used [0x00000000ef780000,0x00000000efa3b260,0x00000000f0500000)
  to   space 16384K, 0% used [0x00000000ee500000,0x00000000ee500000,0x00000000ef500000)
 ParOldGen       total 116736K, used 54545K [0x00000000c0000000, 0x00000000c7200000, 0x00000000eaa80000)
  object space 116736K, 46% used [0x00000000c0000000,0x00000000c35446f8,0x00000000c7200000)
 PSPermGen       total 63488K, used 62778K [0x00000000b0000000, 0x00000000b3e00000, 0x00000000c0000000)
  object space 63488K, 98% used [0x00000000b0000000,0x00000000b3d4e868,0x00000000b3e00000)
}
Event: 44424.313 GC heap before
{Heap before GC invocations=184 (full 37):
 PSYoungGen      total 73728K, used 62700K [0x00000000eaa80000, 0x00000000f0500000, 0x0000000100000000)
  eden space 59904K, 100% used [0x00000000eaa80000,0x00000000ee500000,0x00000000ee500000)
  from space 13824K, 20% used [0x00000000ef780000,0x00000000efa3b260,0x00000000f0500000)
  to   space 16384K, 0% used [0x00000000ee500000,0x00000000ee500000,0x00000000ef500000)
 ParOldGen       total 116736K, used 54545K [0x00000000c0000000, 0x00000000c7200000, 0x00000000eaa80000)
  object space 116736K, 46% used [0x00000000c0000000,0x00000000c35446f8,0x00000000c7200000)
 PSPermGen       total 63488K, used 62778K [0x00000000b0000000, 0x00000000b3e00000, 0x00000000c0000000)
  object space 63488K, 98% used [0x00000000b0000000,0x00000000b3d4eb88,0x00000000b3e00000)
Event: 44424.320 GC heap after
Heap after GC invocations=184 (full 37):
 PSYoungGen      total 61440K, used 2688K [0x00000000eaa80000, 0x00000000f0280000, 0x0000000100000000)
  eden space 58368K, 0% used [0x00000000eaa80000,0x00000000eaa80000,0x00000000ee380000)
  from space 3072K, 87% used [0x00000000ee500000,0x00000000ee7a0000,0x00000000ee800000)
  to   space 15872K, 0% used [0x00000000ef300000,0x00000000ef300000,0x00000000f0280000)
 ParOldGen       total 116736K, used 56342K [0x00000000c0000000, 0x00000000c7200000, 0x00000000eaa80000)
  object space 116736K, 48% used [0x00000000c0000000,0x00000000c3705a78,0x00000000c7200000)
 PSPermGen       total 63488K, used 62778K [0x00000000b0000000, 0x00000000b3e00000, 0x00000000c0000000)
  object space 63488K, 98% used [0x00000000b0000000,0x00000000b3d4eb88,0x00000000b3e00000)
}

